# JRE version: OpenJDK Runtime Environment Microsoft-10800295 (17.0.14+7) (build 17.0.14+7-LTS)
# Java VM: OpenJDK 64-Bit Server VM Microsoft-10800295 (17.0.14+7-LTS, mixed mode, sharing, tiered, compressed oops, compressed class ptrs, g1 gc, windows-amd64)
GC Precious Log:
 CPUs: 8 total, 8 available
 Memory: 16134M
 Large Page Support: Disabled
 NUMA Support: Disabled
 Compressed Oops: Enabled (Zero based)
 Heap Region Size: 2M
 Heap Min Capacity: 8M
 Heap Initial Capacity: 254M
 Heap Max Capacity: 4034M
 Pre-touch: Disabled
 Parallel Workers: 8
 Concurrent Workers: 2
 Concurrent Refinement Workers: 8
 Periodic GC: Disabled
Heap:
 garbage-first heap   total 92160K, used 49128K [0x0000000703e00000, 0x0000000800000000)
  region size 2048K, 5 young (10240K), 1 survivors (2048K)
 Metaspace       used 28836K, committed 29120K, reserved 1114112K
  class space    used 3314K, committed 3456K, reserved 1048576K
GC Heap History (18 events):
Event: 1.812 GC heap before
{Heap before GC invocations=0 (full 0):
 garbage-first heap   total 260096K, used 22528K [0x0000000703e00000, 0x0000000800000000)
  region size 2048K, 11 young (22528K), 0 survivors (0K)
 Metaspace       used 5418K, committed 5632K, reserved 1114112K
  class space    used 649K, committed 768K, reserved 1048576K
}
Event: 1.844 GC heap after
{Heap after GC invocations=1 (full 0):
 garbage-first heap   total 260096K, used 3678K [0x0000000703e00000, 0x0000000800000000)
  region size 2048K, 2 young (4096K), 2 survivors (4096K)
 Metaspace       used 5418K, committed 5632K, reserved 1114112K
  class space    used 649K, committed 768K, reserved 1048576K
}
Event: 3.502 GC heap before
{Heap before GC invocations=1 (full 0):
 garbage-first heap   total 260096K, used 34398K [0x0000000703e00000, 0x0000000800000000)
  region size 2048K, 17 young (34816K), 2 survivors (4096K)
 Metaspace       used 9637K, committed 9856K, reserved 1114112K
  class space    used 1168K, committed 1280K, reserved 1048576K
}
Event: 3.509 GC heap after
{Heap after GC invocations=2 (full 0):
 garbage-first heap   total 260096K, used 5293K [0x0000000703e00000, 0x0000000800000000)
  region size 2048K, 1 young (2048K), 1 survivors (2048K)
 Metaspace       used 9637K, committed 9856K, reserved 1114112K
  class space    used 1168K, committed 1280K, reserved 1048576K
}
Event: 16.057 GC heap before
{Heap before GC invocations=2 (full 0):
 garbage-first heap   total 260096K, used 160941K [0x0000000703e00000, 0x0000000800000000)
  region size 2048K, 76 young (155648K), 1 survivors (2048K)
 Metaspace       used 21251K, committed 21504K, reserved 1114112K
  class space    used 2497K, committed 2624K, reserved 1048576K
}
Event: 16.082 GC heap after
{Heap after GC invocations=3 (full 0):
 garbage-first heap   total 260096K, used 22816K [0x0000000703e00000, 0x0000000800000000)
  region size 2048K, 8 young (16384K), 8 survivors (16384K)
 Metaspace       used 21251K, committed 21504K, reserved 1114112K
  class space    used 2497K, committed 2624K, reserved 1048576K
}
Event: 20.080 GC heap before
{Heap before GC invocations=4 (full 0):
 garbage-first heap   total 90112K, used 59680K [0x0000000703e00000, 0x0000000800000000)
  region size 2048K, 26 young (53248K), 8 survivors (16384K)
 Metaspace       used 25717K, committed 26048K, reserved 1114112K
  class space    used 2983K, committed 3136K, reserved 1048576K
}
Event: 20.115 GC heap after
{Heap after GC invocations=5 (full 0):
 garbage-first heap   total 92160K, used 34819K [0x0000000703e00000, 0x0000000800000000)
  region size 2048K, 4 young (8192K), 4 survivors (8192K)
 Metaspace       used 25717K, committed 26048K, reserved 1114112K
  class space    used 2983K, committed 3136K, reserved 1048576K
}
Event: 20.282 GC heap before
{Heap before GC invocations=5 (full 0):
 garbage-first heap   total 92160K, used 36867K [0x0000000703e00000, 0x0000000800000000)
  region size 2048K, 5 young (10240K), 4 survivors (8192K)
 Metaspace       used 25721K, committed 26112K, reserved 1114112K
  class space    used 2983K, committed 3136K, reserved 1048576K
}
Event: 20.296 GC heap after
{Heap after GC invocations=6 (full 0):
 garbage-first heap   total 92160K, used 36830K [0x0000000703e00000, 0x0000000800000000)
  region size 2048K, 1 young (2048K), 1 survivors (2048K)
 Metaspace       used 25721K, committed 26112K, reserved 1114112K
  class space    used 2983K, committed 3136K, reserved 1048576K
}
Event: 21.124 GC heap before
{Heap before GC invocations=6 (full 0):
 garbage-first heap   total 92160K, used 63454K [0x0000000703e00000, 0x0000000800000000)
  region size 2048K, 14 young (28672K), 1 survivors (2048K)
 Metaspace       used 26491K, committed 26752K, reserved 1114112K
  class space    used 3061K, committed 3200K, reserved 1048576K
}
Event: 21.148 GC heap after
{Heap after GC invocations=7 (full 0):
 garbage-first heap   total 92160K, used 41969K [0x0000000703e00000, 0x0000000800000000)
  region size 2048K, 2 young (4096K), 2 survivors (4096K)
 Metaspace       used 26491K, committed 26752K, reserved 1114112K
  class space    used 3061K, committed 3200K, reserved 1048576K
}
Event: 24.491 GC heap before
{Heap before GC invocations=8 (full 0):
 garbage-first heap   total 92160K, used 64497K [0x0000000703e00000, 0x0000000800000000)
  region size 2048K, 13 young (26624K), 2 survivors (4096K)
 Metaspace       used 27504K, committed 27840K, reserved 1114112K
  class space    used 3150K, committed 3264K, reserved 1048576K
}
Event: 24.515 GC heap after
{Heap after GC invocations=9 (full 0):
 garbage-first heap   total 92160K, used 45192K [0x0000000703e00000, 0x0000000800000000)
  region size 2048K, 2 young (4096K), 2 survivors (4096K)
 Metaspace       used 27504K, committed 27840K, reserved 1114112K
  class space    used 3150K, committed 3264K, reserved 1048576K
}
Event: 24.956 GC heap before
{Heap before GC invocations=9 (full 0):
 garbage-first heap   total 92160K, used 45192K [0x0000000703e00000, 0x0000000800000000)
  region size 2048K, 3 young (6144K), 2 survivors (4096K)
 Metaspace       used 27540K, committed 27840K, reserved 1114112K
  class space    used 3163K, committed 3264K, reserved 1048576K
}
Event: 24.970 GC heap after
{Heap after GC invocations=10 (full 0):
 garbage-first heap   total 92160K, used 45174K [0x0000000703e00000, 0x0000000800000000)
  region size 2048K, 1 young (2048K), 1 survivors (2048K)
 Metaspace       used 27540K, committed 27840K, reserved 1114112K
  class space    used 3163K, committed 3264K, reserved 1048576K
}
Event: 27.896 GC heap before
{Heap before GC invocations=10 (full 0):
 garbage-first heap   total 92160K, used 63606K [0x0000000703e00000, 0x0000000800000000)
  region size 2048K, 11 young (22528K), 1 survivors (2048K)
 Metaspace       used 28587K, committed 28864K, reserved 1114112K
  class space    used 3282K, committed 3392K, reserved 1048576K
}
Event: 27.900 GC heap after
{Heap after GC invocations=11 (full 0):
 garbage-first heap   total 92160K, used 45032K [0x0000000703e00000, 0x0000000800000000)
  region size 2048K, 1 young (2048K), 1 survivors (2048K)
 Metaspace       used 28587K, committed 28864K, reserved 1114112K
  class space    used 3282K, committed 3392K, reserved 1048576K
}

