# JRE version: OpenJDK Runtime Environment Microsoft-10800295 (17.0.14+7) (build 17.0.14+7-LTS)
# Java VM: OpenJDK 64-Bit Server VM Microsoft-10800295 (17.0.14+7-LTS, mixed mode, emulated-client, sharing, tiered, compressed oops, compressed class ptrs, g1 gc, windows-amd64)
GC Precious Log:
 CPUs: 8 total, 8 available
 Memory: 16134M
 Large Page Support: Disabled
 NUMA Support: Disabled
 Compressed Oops: Enabled (Zero based)
 Heap Region Size: 2M
 Heap Min Capacity: 8M
 Heap Initial Capacity: 254M
 Heap Max Capacity: 4034M
 Pre-touch: Disabled
 Parallel Workers: 8
 Concurrent Workers: 2
 Concurrent Refinement Workers: 8
 Periodic GC: Disabled
Heap:
 garbage-first heap   total 260096K, used 39829K [0x0000000703e00000, 0x0000000800000000)
  region size 2048K, 17 young (34816K), 3 survivors (6144K)
 Metaspace       used 20580K, committed 20864K, reserved 1114112K
  class space    used 2911K, committed 3072K, reserved 1048576K
GC Heap History (6 events):
Event: 5.638 GC heap before
{Heap before GC invocations=0 (full 0):
 garbage-first heap   total 260096K, used 20480K [0x0000000703e00000, 0x0000000800000000)
  region size 2048K, 11 young (22528K), 0 survivors (0K)
 Metaspace       used 4493K, committed 4672K, reserved 1114112K
  class space    used 586K, committed 704K, reserved 1048576K
}
Event: 5.651 GC heap after
{Heap after GC invocations=1 (full 0):
 garbage-first heap   total 260096K, used 7208K [0x0000000703e00000, 0x0000000800000000)
  region size 2048K, 2 young (4096K), 2 survivors (4096K)
 Metaspace       used 4493K, committed 4672K, reserved 1114112K
  class space    used 586K, committed 704K, reserved 1048576K
}
Event: 8.112 GC heap before
{Heap before GC invocations=1 (full 0):
 garbage-first heap   total 260096K, used 29736K [0x0000000703e00000, 0x0000000800000000)
  region size 2048K, 13 young (26624K), 2 survivors (4096K)
 Metaspace       used 8900K, committed 9152K, reserved 1114112K
  class space    used 1288K, committed 1408K, reserved 1048576K
}
Event: 8.125 GC heap after
{Heap after GC invocations=2 (full 0):
 garbage-first heap   total 260096K, used 9608K [0x0000000703e00000, 0x0000000800000000)
  region size 2048K, 1 young (2048K), 1 survivors (2048K)
 Metaspace       used 8900K, committed 9152K, reserved 1114112K
  class space    used 1288K, committed 1408K, reserved 1048576K
}
Event: 16.094 GC heap before
{Heap before GC invocations=2 (full 0):
 garbage-first heap   total 260096K, used 58760K [0x0000000703e00000, 0x0000000800000000)
  region size 2048K, 25 young (51200K), 1 survivors (2048K)
 Metaspace       used 17524K, committed 17792K, reserved 1114112K
  class space    used 2470K, committed 2624K, reserved 1048576K
}
Event: 17.106 GC heap after
{Heap after GC invocations=3 (full 0):
 garbage-first heap   total 260096K, used 13205K [0x0000000703e00000, 0x0000000800000000)
  region size 2048K, 3 young (6144K), 3 survivors (6144K)
 Metaspace       used 17524K, committed 17792K, reserved 1114112K
  class space    used 2470K, committed 2624K, reserved 1048576K
}

